============================= test session starts =============================
platform win32 -- Python 3.10.11, pytest-9.0.2, pluggy-1.6.0
rootdir: D:\PROJECTS\auto-veh\traffic-control-env
plugins: anyio-4.13.0
collected 32 items

tests\test_environment.py .........F......FF.............F               [100%]

================================== FAILURES ===================================
________ TestEmergencyOverride.test_emergency_override_positive_reward ________

self = <test_environment.TestEmergencyOverride object at 0x0000015658F8C7C0>
easy_env = TrafficEnvironment(task_id='easy', step=1, phase='NS_GREEN', cleared=0)

    def test_emergency_override_positive_reward(self, easy_env: TrafficEnvironment):
        """Overriding for an emergency in the correct direction should yield positive reward."""
        # Manually inject an emergency on the NORTH approach
        easy_env.sim.emergency = {
            "direction": "NORTH",
            "urgency": "HIGH",
            "steps_waiting": 0,
        }
    
        action = TrafficAction(
            action=SignalCommand.SET_NS_GREEN,
            emergency_direction="NORTH",
        )
        obs = easy_env.step(action)
    
        # NS_GREEN gives green to NORTH — emergency bonus should kick in
        # The reward should include the +1.0 emergency bonus
>       assert obs.reward > 0, f"Expected positive reward with emergency override, got {obs.reward}"
E       AssertionError: Expected positive reward with emergency override, got -0.6
E       assert -0.6 > 0
E        +  where -0.6 = TrafficObservation(queue_north=1, queue_south=2, queue_east=1, queue_west=1, current_phase='NS_GREEN', phase_duration=...teps_remaining=49, current_step=1, reward=-0.6, done=False, success=False, message='Phase NS_GREEN active for 1 steps').reward

tests\test_environment.py:206: AssertionError
______________ TestPhaseSwitch.test_switch_phase_changes_signal _______________

self = <test_environment.TestPhaseSwitch object at 0x0000015658F8DDE0>
easy_env = TrafficEnvironment(task_id='easy', step=3, phase='EW_GREEN', cleared=7)

    def test_switch_phase_changes_signal(self, easy_env: TrafficEnvironment):
        """SWITCH_PHASE should advance from NS_GREEN to ALL_RED."""
        # Need to wait for MIN_PHASE_DURATION steps first
        keep = TrafficAction(action=SignalCommand.HOLD_CURRENT_PHASE)
        easy_env.step(keep)
        easy_env.step(keep)
    
        initial_phase = easy_env.state.current_phase
        assert initial_phase == "NS_GREEN"
    
        switch = TrafficAction(action=SignalCommand.SET_EW_GREEN)
        obs = easy_env.step(switch)
    
>       assert obs.current_phase == "ALL_RED", (
            f"Expected ALL_RED after switching from NS_GREEN, got {obs.current_phase}"
        )
E       AssertionError: Expected ALL_RED after switching from NS_GREEN, got EW_GREEN
E       assert 'EW_GREEN' == 'ALL_RED'
E         
E         - ALL_RED
E         + EW_GREEN

tests\test_environment.py:301: AssertionError
__________________ TestPhaseSwitch.test_full_phase_rotation ___________________

self = <test_environment.TestPhaseSwitch object at 0x0000015658F8E0B0>
easy_env = TrafficEnvironment(task_id='easy', step=3, phase='EW_GREEN', cleared=7)

    def test_full_phase_rotation(self, easy_env: TrafficEnvironment):
        """Cycling through all 4 phases in the rotation should work."""
        keep = TrafficAction(action=SignalCommand.HOLD_CURRENT_PHASE)
    
        expected_phases = ["NS_GREEN", "ALL_RED", "EW_GREEN", "ALL_RED"]
        assert easy_env.state.current_phase == expected_phases[0]
    
        actions_to_switch = [SignalCommand.SET_EW_GREEN, SignalCommand.SET_EW_GREEN, SignalCommand.SET_NS_GREEN]
    
        for i in range(1, 4):
            # Wait for MIN_PHASE_DURATION
            easy_env.step(keep)
            easy_env.step(keep)
            # Switch
            switch = TrafficAction(action=actions_to_switch[i-1])
            obs = easy_env.step(switch)
>           assert obs.current_phase == expected_phases[i], (
                f"Step {i}: expected {expected_phases[i]}, got {obs.current_phase}"
            )
E           AssertionError: Step 1: expected ALL_RED, got EW_GREEN
E           assert 'EW_GREEN' == 'ALL_RED'
E             
E             - ALL_RED
E             + EW_GREEN

tests\test_environment.py:321: AssertionError
__________ TestInference.test_heuristic_policy_prioritizes_emergency __________

self = <test_environment.TestInference object at 0x0000015658F8F220>

    def test_heuristic_policy_prioritizes_emergency(self):
        from inference import heuristic_policy
        from server.environment import TrafficEnvironment
        env = TrafficEnvironment("medium")
        env.reset()
        # Manually inject an emergency
        env.sim.emergency = {"direction": "NORTH", "urgency": "CRITICAL", "steps_waiting": 5}
        obs = env._build_observation(env.sim._build_state_dict(), done=False)
        action = heuristic_policy(obs)
>       assert action.action == SignalCommand.SET_NS_GREEN
E       AssertionError: assert <SignalComman...urrent_phase'> == <SignalComman...set_ns_green'>
E         
E         - set_ns_green
E         + hold_current_phase

tests\test_environment.py:498: AssertionError
=========================== short test summary info ===========================
FAILED tests/test_environment.py::TestEmergencyOverride::test_emergency_override_positive_reward
FAILED tests/test_environment.py::TestPhaseSwitch::test_switch_phase_changes_signal
FAILED tests/test_environment.py::TestPhaseSwitch::test_full_phase_rotation
FAILED tests/test_environment.py::TestInference::test_heuristic_policy_prioritizes_emergency
======================== 4 failed, 28 passed in 8.31s =========================
